<?xml version="1.0" encoding="UTF-8"?>
<!-- Generated by org.testng.reporters.JUnitReportReporter -->
<testsuite hostname="lin81002596" failures="0" tests="1" name="TestPages.referearn_test" time="45.163" errors="0" timestamp="2024-03-03T21:40:00 IST" skipped="0">
  <testcase classname="TestPages.referearn_test" name="earnrefer" time="45.163"/>
  <system-out/>
</testsuite> <!-- TestPages.referearn_test -->
