<?xml version="1.0" encoding="UTF-8"?>
<!-- Generated by org.testng.reporters.JUnitReportReporter -->
<testsuite hostname="lin81002596" failures="0" tests="1" name="TestPages.tracktickets_test" time="16.951" errors="0" timestamp="2024-02-21T22:45:56 IST" skipped="0">
  <testcase classname="TestPages.tracktickets_test" name="tt_method" time="16.951"/>
  <system-out/>
</testsuite> <!-- TestPages.tracktickets_test -->
