<?xml version="1.0" encoding="UTF-8"?>
<!-- Generated by org.testng.reporters.JUnitReportReporter -->
<testsuite hostname="lin81002596" failures="0" tests="1" name="TestPages.Tricentis_Test" time="18.602" errors="0" timestamp="2024-03-21T00:13:33 IST" skipped="0">
  <testcase classname="TestPages.Tricentis_Test" name="electrinics" time="18.602"/>
  <system-out/>
</testsuite> <!-- TestPages.Tricentis_Test -->
