<?xml version="1.0" encoding="UTF-8"?>
<!-- Generated by org.testng.reporters.JUnitReportReporter -->
<testsuite hostname="lin81002596" failures="0" tests="1" name="TestPages.offrs_test" time="22.652" errors="0" timestamp="2024-02-22T23:24:00 IST" skipped="0">
  <testcase classname="TestPages.offrs_test" name="off_method" time="22.652"/>
  <system-out/>
</testsuite> <!-- TestPages.offrs_test -->
