<?xml version="1.0" encoding="UTF-8"?>
<!-- Generated by org.testng.reporters.JUnitReportReporter -->
<testsuite hostname="lin81002596" failures="0" tests="1" name="TestPages.chisri_99acers_text" time="8.425" errors="0" timestamp="2024-03-05T14:56:04 IST" skipped="0">
  <testcase classname="TestPages.chisri_99acers_text" name="acers99_method" time="8.425"/>
  <system-out/>
</testsuite> <!-- TestPages.chisri_99acers_text -->
