<?xml version="1.0" encoding="UTF-8"?>
<!-- Generated by org.testng.reporters.JUnitReportReporter -->
<testsuite hostname="lin81002596" failures="0" tests="1" name="TestPages.lumatest" time="78.440" errors="0" timestamp="2024-03-28T10:51:15 IST" skipped="0">
  <testcase classname="TestPages.lumatest" name="luma_method" time="78.440"/>
  <system-out/>
</testsuite> <!-- TestPages.lumatest -->
