<?xml version="1.0" encoding="UTF-8"?>
<!-- Generated by org.testng.reporters.JUnitReportReporter -->
<testsuite hostname="lin81002596" failures="0" tests="1" name="TestPages.nestaway_test" time="0.000" errors="0" timestamp="2024-03-12T11:48:19 IST" skipped="1">
  <testcase classname="TestPages.nestaway_test" name="nxst" time="0.000">
    <skipped/>
  </testcase> <!-- nxst -->
  <system-out/>
</testsuite> <!-- TestPages.nestaway_test -->
